  cube.cpp
  cylinder.cpp
C:\Users\gmitchell2000\OneDrive\Documents\4th_Year\Graphics\graphics_examples\common\cylinder.cpp(96,21): warning C4018: '<': signed/unsigned mismatch
C:\Users\gmitchell2000\OneDrive\Documents\4th_Year\Graphics\graphics_examples\common\cylinder.cpp(113,23): warning C4018: '<': signed/unsigned mismatch
C:\Users\gmitchell2000\OneDrive\Documents\4th_Year\Graphics\graphics_examples\common\cylinder.cpp(129,48): warning C4018: '<': signed/unsigned mismatch
  pyramid.cpp
  sphere.cpp
  wrapper_glfw.cpp
  assignment1.cpp
C:\Users\gmitchell2000\OneDrive\Documents\4th_Year\Graphics\graphics_examples\graphics_examples\Assignment_1\assignment1.cpp(595,37): warning C4305: '-=': truncation from 'double' to 'GLfloat'
C:\Users\gmitchell2000\OneDrive\Documents\4th_Year\Graphics\graphics_examples\graphics_examples\Assignment_1\assignment1.cpp(595,51): warning C4305: '-=': truncation from 'double' to 'GLfloat'
C:\Users\gmitchell2000\OneDrive\Documents\4th_Year\Graphics\graphics_examples\graphics_examples\Assignment_1\assignment1.cpp(596,27): warning C4305: '+=': truncation from 'double' to 'GLfloat'
C:\Users\gmitchell2000\OneDrive\Documents\4th_Year\Graphics\graphics_examples\graphics_examples\Assignment_1\assignment1.cpp(596,41): warning C4305: '+=': truncation from 'double' to 'GLfloat'
  Generating Code...
glfw3D.lib(context.obj) : warning LNK4099: PDB 'glfw.pdb' was not found with 'glfw3D.lib(context.obj)' or at 'C:\Users\gmitchell2000\OneDrive\Documents\4th_Year\Graphics\graphics_examples\graphics_examples\Debug\glfw.pdb'; linking object as if no debug info
glfw3D.lib(init.obj) : warning LNK4099: PDB 'glfw.pdb' was not found with 'glfw3D.lib(init.obj)' or at 'C:\Users\gmitchell2000\OneDrive\Documents\4th_Year\Graphics\graphics_examples\graphics_examples\Debug\glfw.pdb'; linking object as if no debug info
glfw3D.lib(input.obj) : warning LNK4099: PDB 'glfw.pdb' was not found with 'glfw3D.lib(input.obj)' or at 'C:\Users\gmitchell2000\OneDrive\Documents\4th_Year\Graphics\graphics_examples\graphics_examples\Debug\glfw.pdb'; linking object as if no debug info
glfw3D.lib(monitor.obj) : warning LNK4099: PDB 'glfw.pdb' was not found with 'glfw3D.lib(monitor.obj)' or at 'C:\Users\gmitchell2000\OneDrive\Documents\4th_Year\Graphics\graphics_examples\graphics_examples\Debug\glfw.pdb'; linking object as if no debug info
glfw3D.lib(vulkan.obj) : warning LNK4099: PDB 'glfw.pdb' was not found with 'glfw3D.lib(vulkan.obj)' or at 'C:\Users\gmitchell2000\OneDrive\Documents\4th_Year\Graphics\graphics_examples\graphics_examples\Debug\glfw.pdb'; linking object as if no debug info
glfw3D.lib(window.obj) : warning LNK4099: PDB 'glfw.pdb' was not found with 'glfw3D.lib(window.obj)' or at 'C:\Users\gmitchell2000\OneDrive\Documents\4th_Year\Graphics\graphics_examples\graphics_examples\Debug\glfw.pdb'; linking object as if no debug info
glfw3D.lib(win32_init.obj) : warning LNK4099: PDB 'glfw.pdb' was not found with 'glfw3D.lib(win32_init.obj)' or at 'C:\Users\gmitchell2000\OneDrive\Documents\4th_Year\Graphics\graphics_examples\graphics_examples\Debug\glfw.pdb'; linking object as if no debug info
glfw3D.lib(win32_joystick.obj) : warning LNK4099: PDB 'glfw.pdb' was not found with 'glfw3D.lib(win32_joystick.obj)' or at 'C:\Users\gmitchell2000\OneDrive\Documents\4th_Year\Graphics\graphics_examples\graphics_examples\Debug\glfw.pdb'; linking object as if no debug info
glfw3D.lib(win32_monitor.obj) : warning LNK4099: PDB 'glfw.pdb' was not found with 'glfw3D.lib(win32_monitor.obj)' or at 'C:\Users\gmitchell2000\OneDrive\Documents\4th_Year\Graphics\graphics_examples\graphics_examples\Debug\glfw.pdb'; linking object as if no debug info
glfw3D.lib(win32_time.obj) : warning LNK4099: PDB 'glfw.pdb' was not found with 'glfw3D.lib(win32_time.obj)' or at 'C:\Users\gmitchell2000\OneDrive\Documents\4th_Year\Graphics\graphics_examples\graphics_examples\Debug\glfw.pdb'; linking object as if no debug info
glfw3D.lib(win32_tls.obj) : warning LNK4099: PDB 'glfw.pdb' was not found with 'glfw3D.lib(win32_tls.obj)' or at 'C:\Users\gmitchell2000\OneDrive\Documents\4th_Year\Graphics\graphics_examples\graphics_examples\Debug\glfw.pdb'; linking object as if no debug info
glfw3D.lib(win32_window.obj) : warning LNK4099: PDB 'glfw.pdb' was not found with 'glfw3D.lib(win32_window.obj)' or at 'C:\Users\gmitchell2000\OneDrive\Documents\4th_Year\Graphics\graphics_examples\graphics_examples\Debug\glfw.pdb'; linking object as if no debug info
glfw3D.lib(wgl_context.obj) : warning LNK4099: PDB 'glfw.pdb' was not found with 'glfw3D.lib(wgl_context.obj)' or at 'C:\Users\gmitchell2000\OneDrive\Documents\4th_Year\Graphics\graphics_examples\graphics_examples\Debug\glfw.pdb'; linking object as if no debug info
glfw3D.lib(egl_context.obj) : warning LNK4099: PDB 'glfw.pdb' was not found with 'glfw3D.lib(egl_context.obj)' or at 'C:\Users\gmitchell2000\OneDrive\Documents\4th_Year\Graphics\graphics_examples\graphics_examples\Debug\glfw.pdb'; linking object as if no debug info
glloadD.lib(gl_load.obj) : warning LNK4099: PDB 'glloadD.pdb' was not found with 'glloadD.lib(gl_load.obj)' or at 'C:\Users\gmitchell2000\OneDrive\Documents\4th_Year\Graphics\graphics_examples\graphics_examples\Debug\glloadD.pdb'; linking object as if no debug info
glloadD.lib(gl_load_cpp.obj) : warning LNK4099: PDB 'glloadD.pdb' was not found with 'glloadD.lib(gl_load_cpp.obj)' or at 'C:\Users\gmitchell2000\OneDrive\Documents\4th_Year\Graphics\graphics_examples\graphics_examples\Debug\glloadD.pdb'; linking object as if no debug info
  Assignment_1.vcxproj -> C:\Users\gmitchell2000\OneDrive\Documents\4th_Year\Graphics\graphics_examples\graphics_examples\Debug\Assignment_1.exe
